<?xml version="1.0" encoding="UTF-8"?>
<testng-results skipped="0" failed="0" total="1" passed="1">
  <reporter-output>
  </reporter-output>
  <suite name="softwaretestingmaterial" duration-ms="9001" started-at="2018-01-27T13:00:08Z" finished-at="2018-01-27T13:00:17Z">
    <groups>
    </groups>
    <test name="testngTest" duration-ms="9001" started-at="2018-01-27T13:00:08Z" finished-at="2018-01-27T13:00:17Z">
      <class name="mnsvalidationmns.atl.validation.mnsvalidationmns.FacebookTest">
        <test-method status="PASS" signature="f()[pri:0, instance:mnsvalidationmns.atl.validation.mnsvalidationmns.FacebookTest@783e6358]" name="f" duration-ms="8976" started-at="2018-01-27T08:00:08Z" finished-at="2018-01-27T08:00:17Z">
          <reporter-output>
          </reporter-output>
        </test-method> <!-- f -->
      </class> <!-- mnsvalidationmns.atl.validation.mnsvalidationmns.FacebookTest -->
    </test> <!-- testngTest -->
  </suite> <!-- softwaretestingmaterial -->
</testng-results>
