<?xml version="1.0" encoding="UTF-8"?>
<testng-results skipped="0" failed="0" total="1" passed="1">
  <reporter-output>
  </reporter-output>
  <suite name="softwaretestingmaterial" duration-ms="15500" started-at="2018-01-26T20:00:55Z" finished-at="2018-01-26T20:01:10Z">
    <groups>
    </groups>
    <test name="testngTest" duration-ms="15500" started-at="2018-01-26T20:00:55Z" finished-at="2018-01-26T20:01:10Z">
      <class name="mnsvalidationmns.atl.validation.mnsvalidationmns.FacebookTest">
        <test-method status="PASS" signature="f()[pri:0, instance:mnsvalidationmns.atl.validation.mnsvalidationmns.FacebookTest@28d25987]" name="f" duration-ms="15422" started-at="2018-01-26T15:00:55Z" finished-at="2018-01-26T15:01:10Z">
          <reporter-output>
          </reporter-output>
        </test-method> <!-- f -->
      </class> <!-- mnsvalidationmns.atl.validation.mnsvalidationmns.FacebookTest -->
    </test> <!-- testngTest -->
  </suite> <!-- softwaretestingmaterial -->
</testng-results>
